<?xml version="1.0" encoding="UTF-8"?>
<testng-results ignored="0" total="2" passed="2" failed="0" skipped="0">
  <reporter-output>
  </reporter-output>
  <suite started-at="2024-01-13T23:15:30 IST" name="Suite" finished-at="2024-01-13T23:15:32 IST" duration-ms="2496">
    <groups>
    </groups>
    <test started-at="2024-01-13T23:15:30 IST" name="Test" finished-at="2024-01-13T23:15:32 IST" duration-ms="2496">
      <class name="TestProject.testClass">
        <test-method is-config="true" signature="LauchBrowser(java.lang.String,java.lang.String)[pri:0, instance:TestProject.testClass@35ef1869]" started-at="2024-01-13T23:15:30 IST" name="LauchBrowser" finished-at="2024-01-13T23:15:32 IST" duration-ms="2139" status="PASS">
          <params>
            <param index="0">
              <value>
                <![CDATA[chrome]]>
              </value>
            </param>
            <param index="1">
              <value>
                <![CDATA[https://www.saucedemo.com/]]>
              </value>
            </param>
          </params>
          <reporter-output>
          </reporter-output>
        </test-method> <!-- LauchBrowser -->
        <test-method signature="TC_01()[pri:0, instance:TestProject.testClass@35ef1869]" started-at="2024-01-13T23:15:32 IST" name="TC_01" finished-at="2024-01-13T23:15:32 IST" duration-ms="285" status="PASS">
          <reporter-output>
          </reporter-output>
        </test-method> <!-- TC_01 -->
        <test-method is-config="true" signature="teardown(org.testng.ITestResult)[pri:0, instance:TestProject.testClass@35ef1869]" started-at="2024-01-13T23:15:32 IST" name="teardown" finished-at="2024-01-13T23:15:32 IST" duration-ms="0" status="PASS">
          <params>
            <param index="0">
              <value>
                <![CDATA[[TestResult name=TC_01 status=SUCCESS method=testClass.TC_01()[pri:0, instance:TestProject.testClass@35ef1869] output={null}]]]>
              </value>
            </param>
          </params>
          <reporter-output>
          </reporter-output>
        </test-method> <!-- teardown -->
        <test-method signature="TC_02()[pri:0, instance:TestProject.testClass@35ef1869]" started-at="2024-01-13T23:15:32 IST" name="TC_02" finished-at="2024-01-13T23:15:32 IST" duration-ms="34" status="PASS">
          <reporter-output>
          </reporter-output>
        </test-method> <!-- TC_02 -->
        <test-method is-config="true" signature="teardown(org.testng.ITestResult)[pri:0, instance:TestProject.testClass@35ef1869]" started-at="2024-01-13T23:15:32 IST" name="teardown" finished-at="2024-01-13T23:15:32 IST" duration-ms="0" status="PASS">
          <params>
            <param index="0">
              <value>
                <![CDATA[[TestResult name=TC_02 status=SUCCESS method=testClass.TC_02()[pri:0, instance:TestProject.testClass@35ef1869] output={null}]]]>
              </value>
            </param>
          </params>
          <reporter-output>
          </reporter-output>
        </test-method> <!-- teardown -->
      </class> <!-- TestProject.testClass -->
    </test> <!-- Test -->
  </suite> <!-- Suite -->
</testng-results>
