<?xml version="1.0" encoding="UTF-8"?>
<testng-results ignored="0" total="2" passed="2" failed="0" skipped="0">
  <reporter-output>
  </reporter-output>
  <suite started-at="2024-01-09T00:33:30 IST" name="Suite" finished-at="2024-01-09T00:33:30 IST" duration-ms="59">
    <groups>
      <group name="regression">
        <method signature="testClass.Step4()[pri:0, instance:TestProject.testClass@48aca48b]" name="Step4" class="TestProject.testClass"/>
        <method signature="testClass.Step5()[pri:0, instance:TestProject.testClass@48aca48b]" name="Step5" class="TestProject.testClass"/>
      </group> <!-- regression -->
    </groups>
    <test started-at="2024-01-09T00:33:30 IST" name="Test" finished-at="2024-01-09T00:33:30 IST" duration-ms="59">
      <class name="TestProject.testClass">
        <test-method signature="Step4()[pri:0, instance:TestProject.testClass@48aca48b]" started-at="2024-01-09T00:33:30 IST" name="Step4" finished-at="2024-01-09T00:33:30 IST" duration-ms="8" status="PASS">
          <reporter-output>
          </reporter-output>
        </test-method> <!-- Step4 -->
        <test-method signature="Step5()[pri:0, instance:TestProject.testClass@48aca48b]" started-at="2024-01-09T00:33:30 IST" name="Step5" finished-at="2024-01-09T00:33:30 IST" duration-ms="1" status="PASS">
          <reporter-output>
          </reporter-output>
        </test-method> <!-- Step5 -->
      </class> <!-- TestProject.testClass -->
    </test> <!-- Test -->
  </suite> <!-- Suite -->
</testng-results>
